2023-11-01 23:54:04 Loading main app package /usr/lib/obsidian/obsidian.asar
2023-11-01 23:54:05 Checking for update using Github
2023-11-01 23:54:05 Success.
2023-11-01 23:54:05 Latest version is 1.4.16
2023-11-01 23:54:05 App is up to date.
2023-11-02 17:11:30 Loading main app package /usr/lib/obsidian/obsidian.asar
2023-11-02 17:11:30 Checking for update using Github
2023-11-02 17:11:31 Success.
2023-11-02 17:11:31 Latest version is 1.4.16
2023-11-02 17:11:31 App is up to date.
2023-11-02 18:11:30 Checking for update using Github
2023-11-02 18:11:30 Success.
2023-11-02 18:11:30 Latest version is 1.4.16
2023-11-02 18:11:30 App is up to date.
2023-11-02 19:11:30 Checking for update using Github
2023-11-02 19:11:31 Success.
2023-11-02 19:11:31 Latest version is 1.4.16
2023-11-02 19:11:31 App is up to date.
2023-11-02 19:50:18 Loading main app package /usr/lib/obsidian/obsidian.asar
2023-11-02 19:50:19 Checking for update using Github
2023-11-02 19:50:19 Success.
2023-11-02 19:50:19 Latest version is 1.4.16
2023-11-02 19:50:19 App is up to date.
2023-11-02 20:50:19 Checking for update using Github
2023-11-02 20:50:19 Success.
2023-11-02 20:50:19 Latest version is 1.4.16
2023-11-02 20:50:19 App is up to date.
2023-11-02 21:50:19 Checking for update using Github
2023-11-02 21:50:19 Success.
2023-11-02 21:50:19 Latest version is 1.4.16
2023-11-02 21:50:19 App is up to date.
2023-11-03 00:29:30 Loading main app package /usr/lib/obsidian/obsidian.asar
2023-11-03 00:29:30 Checking for update using Github
2023-11-03 00:29:30 Success.
2023-11-03 00:29:30 Latest version is 1.4.16
2023-11-03 00:29:30 App is up to date.
2023-11-03 01:29:30 Checking for update using Github
2023-11-03 01:29:30 Success.
2023-11-03 01:29:30 Latest version is 1.4.16
2023-11-03 01:29:30 App is up to date.
2023-11-03 15:42:42 Loading main app package /usr/lib/obsidian/obsidian.asar
2023-11-03 15:42:43 Checking for update using Github
2023-11-03 15:42:43 Success.
2023-11-03 15:42:43 Latest version is 1.4.16
2023-11-03 15:42:43 App is up to date.
2023-11-06 14:48:38 Loading main app package /usr/lib/obsidian/obsidian.asar
2023-11-06 14:48:38 Checking for update using Github
2023-11-06 14:48:38 Success.
2023-11-06 14:48:38 Latest version is 1.4.16
2023-11-06 14:48:38 App is up to date.
2023-11-06 15:48:38 Checking for update using Github
2023-11-06 15:48:38 Success.
2023-11-06 15:48:38 Latest version is 1.4.16
2023-11-06 15:48:38 App is up to date.
2023-11-06 16:48:38 Checking for update using Github
2023-11-06 16:48:38 Success.
2023-11-06 16:48:38 Latest version is 1.4.16
2023-11-06 16:48:38 App is up to date.
2023-11-06 17:48:39 Checking for update using Github
2023-11-06 17:48:49 Failed to check for update using Github (net::ERR_NAME_NOT_RESOLVED)
2023-11-06 17:48:49 Checking for update using obsidian.md
2023-11-06 17:49:09 Failed to check for update using obsidian.md (net::ERR_NAME_NOT_RESOLVED)
2023-11-06 18:48:39 Checking for update using Github
2023-11-06 18:48:51 Failed to check for update using Github (net::ERR_NETWORK_CHANGED)
2023-11-06 18:48:51 Checking for update using obsidian.md
2023-11-06 18:48:54 Failed to check for update using obsidian.md (net::ERR_NETWORK_CHANGED)
2023-11-06 19:48:39 Checking for update using Github
2023-11-06 19:48:54 Failed to check for update using Github (net::ERR_NAME_NOT_RESOLVED)
2023-11-06 19:48:54 Checking for update using obsidian.md
2023-11-06 19:49:14 Failed to check for update using obsidian.md (net::ERR_NAME_NOT_RESOLVED)
2023-11-06 20:48:39 Checking for update using Github
2023-11-06 20:48:42 Success.
2023-11-06 20:48:42 Latest version is 1.4.16
2023-11-06 20:48:42 App is up to date.
2023-11-06 21:48:39 Checking for update using Github
2023-11-06 21:48:54 Failed to check for update using Github (net::ERR_NAME_NOT_RESOLVED)
2023-11-06 21:48:54 Checking for update using obsidian.md
2023-11-06 21:49:14 Failed to check for update using obsidian.md (net::ERR_NAME_NOT_RESOLVED)
2023-11-21 22:28:50 Loading main app package /usr/lib/obsidian/obsidian.asar
2023-11-21 22:28:50 Checking for update using Github
2023-11-21 22:28:50 Success.
2023-11-21 22:28:50 Latest version is 1.4.16
2023-11-21 22:28:50 App is up to date.
2023-11-21 23:28:50 Checking for update using Github
2023-11-21 23:28:50 Success.
2023-11-21 23:28:50 Latest version is 1.4.16
2023-11-21 23:28:50 App is up to date.
2023-11-22 00:28:50 Checking for update using Github
2023-11-22 00:28:50 Success.
2023-11-22 00:28:50 Latest version is 1.4.16
2023-11-22 00:28:50 App is up to date.
2023-11-22 01:28:50 Checking for update using Github
2023-11-22 01:28:50 Success.
2023-11-22 01:28:50 Latest version is 1.4.16
2023-11-22 01:28:50 App is up to date.
2023-11-22 02:28:50 Checking for update using Github
2023-11-22 02:28:50 Success.
2023-11-22 02:28:50 Latest version is 1.4.16
2023-11-22 02:28:50 App is up to date.
2023-11-22 03:28:50 Checking for update using Github
2023-11-22 03:28:50 Success.
2023-11-22 03:28:50 Latest version is 1.4.16
2023-11-22 03:28:50 App is up to date.
2023-11-22 04:28:50 Checking for update using Github
2023-11-22 04:28:50 Success.
2023-11-22 04:28:50 Latest version is 1.4.16
2023-11-22 04:28:50 App is up to date.
2023-11-26 22:50:27 Loading main app package /usr/lib/obsidian/obsidian.asar
2023-11-26 22:50:27 Checking for update using Github
2023-11-26 22:50:27 Success.
2023-11-26 22:50:27 Latest version is 1.4.16
2023-11-26 22:50:27 App is up to date.
2023-11-26 23:50:27 Checking for update using Github
2023-11-26 23:50:27 Success.
2023-11-26 23:50:27 Latest version is 1.4.16
2023-11-26 23:50:27 App is up to date.
2023-11-27 00:50:27 Checking for update using Github
2023-11-27 00:50:27 Success.
2023-11-27 00:50:27 Latest version is 1.4.16
2023-11-27 00:50:27 App is up to date.
2023-11-27 01:50:27 Checking for update using Github
2023-11-27 01:50:27 Success.
2023-11-27 01:50:27 Latest version is 1.4.16
2023-11-27 01:50:27 App is up to date.
2023-11-29 17:02:18 Loading main app package /usr/lib/obsidian/obsidian.asar
2023-11-29 17:02:19 Checking for update using Github
2023-11-29 17:02:19 Success.
2023-11-29 17:02:19 Latest version is 1.4.16
2023-11-29 17:02:19 App is up to date.
2023-11-29 18:02:18 Checking for update using Github
2023-11-29 18:02:18 Success.
2023-11-29 18:02:18 Latest version is 1.4.16
2023-11-29 18:02:18 App is up to date.
2023-11-29 19:02:18 Checking for update using Github
2023-11-29 19:02:18 Success.
2023-11-29 19:02:18 Latest version is 1.4.16
2023-11-29 19:02:18 App is up to date.
2023-11-30 22:06:22 Loading main app package /usr/lib/obsidian/obsidian.asar
2023-11-30 22:06:22 Checking for update using Github
2023-11-30 22:06:22 Success.
2023-11-30 22:06:22 Latest version is 1.4.16
2023-11-30 22:06:22 App is up to date.
2023-11-30 23:06:22 Checking for update using Github
2023-11-30 23:06:22 Success.
2023-11-30 23:06:22 Latest version is 1.4.16
2023-11-30 23:06:22 App is up to date.
2023-12-07 18:53:32 Loading main app package /usr/lib/obsidian/obsidian.asar
2023-12-07 18:53:32 Checking for update using Github
2023-12-07 18:53:32 Success.
2023-12-07 18:53:32 Latest version is 1.4.16
2023-12-07 18:53:32 App is up to date.
2023-12-07 19:53:32 Checking for update using Github
2023-12-07 19:53:32 Success.
2023-12-07 19:53:32 Latest version is 1.4.16
2023-12-07 19:53:32 App is up to date.
2023-12-07 20:53:32 Checking for update using Github
2023-12-07 20:53:32 Success.
2023-12-07 20:53:32 Latest version is 1.4.16
2023-12-07 20:53:32 App is up to date.
2023-12-07 21:53:32 Checking for update using Github
2023-12-07 21:53:32 Success.
2023-12-07 21:53:32 Latest version is 1.4.16
2023-12-07 21:53:32 App is up to date.
2023-12-07 22:53:32 Checking for update using Github
2023-12-07 22:53:32 Success.
2023-12-07 22:53:32 Latest version is 1.4.16
2023-12-07 22:53:32 App is up to date.
2023-12-08 12:12:10 Loading main app package /usr/lib/obsidian/obsidian.asar
2023-12-08 12:12:10 Checking for update using Github
2023-12-08 12:12:10 Success.
2023-12-08 12:12:10 Latest version is 1.4.16
2023-12-08 12:12:10 App is up to date.
2023-12-08 13:12:10 Checking for update using Github
2023-12-08 13:12:10 Success.
2023-12-08 13:12:10 Latest version is 1.4.16
2023-12-08 13:12:10 App is up to date.
2023-12-08 14:12:10 Checking for update using Github
2023-12-08 14:12:10 Success.
2023-12-08 14:12:10 Latest version is 1.4.16
2023-12-08 14:12:10 App is up to date.
2023-12-08 15:12:10 Checking for update using Github
2023-12-08 15:12:11 Success.
2023-12-08 15:12:11 Latest version is 1.4.16
2023-12-08 15:12:11 App is up to date.
2023-12-08 16:12:11 Checking for update using Github
2023-12-08 16:12:11 Success.
2023-12-08 16:12:11 Latest version is 1.4.16
2023-12-08 16:12:11 App is up to date.
2023-12-08 17:12:11 Checking for update using Github
2023-12-08 17:12:11 Success.
2023-12-08 17:12:11 Latest version is 1.4.16
2023-12-08 17:12:11 App is up to date.
2023-12-08 18:12:11 Checking for update using Github
2023-12-08 18:12:11 Success.
2023-12-08 18:12:11 Latest version is 1.4.16
2023-12-08 18:12:11 App is up to date.
2023-12-08 19:12:11 Checking for update using Github
2023-12-08 19:12:11 Success.
2023-12-08 19:12:11 Latest version is 1.4.16
2023-12-08 19:12:11 App is up to date.
2023-12-08 20:12:11 Checking for update using Github
2023-12-08 20:12:11 Success.
2023-12-08 20:12:11 Latest version is 1.4.16
2023-12-08 20:12:11 App is up to date.
2023-12-08 21:12:11 Checking for update using Github
2023-12-08 21:12:11 Success.
2023-12-08 21:12:11 Latest version is 1.4.16
2023-12-08 21:12:11 App is up to date.
2023-12-08 22:12:11 Checking for update using Github
2023-12-08 22:12:11 Success.
2023-12-08 22:12:11 Latest version is 1.4.16
2023-12-08 22:12:11 App is up to date.
2023-12-08 23:12:11 Checking for update using Github
2023-12-08 23:12:11 Success.
2023-12-08 23:12:11 Latest version is 1.4.16
2023-12-08 23:12:11 App is up to date.
2023-12-09 00:12:11 Checking for update using Github
2023-12-09 00:12:11 Success.
2023-12-09 00:12:11 Latest version is 1.4.16
2023-12-09 00:12:11 App is up to date.
2023-12-09 01:12:11 Checking for update using Github
2023-12-09 01:12:11 Success.
2023-12-09 01:12:11 Latest version is 1.4.16
2023-12-09 01:12:11 App is up to date.
2023-12-09 02:12:11 Checking for update using Github
2023-12-09 02:12:12 Success.
2023-12-09 02:12:12 Latest version is 1.4.16
2023-12-09 02:12:12 App is up to date.
